<?xml version="1.0" encoding="UTF-8"?>
<testsuite name="MessageTest" tests="4" skipped="0" failures="0" errors="0" timestamp="2022-12-12T09:30:44" hostname="LAPTOP-7GSFM02U" time="0.007">
  <properties/>
  <testcase name="testConstructor1()" classname="MessageTest" time="0.001"/>
  <testcase name="testConstructor2()" classname="MessageTest" time="0.002"/>
  <testcase name="testConstructor3()" classname="MessageTest" time="0.002"/>
  <testcase name="testSetterGetter()" classname="MessageTest" time="0.0"/>
  <system-out><![CDATA[]]></system-out>
  <system-err><![CDATA[]]></system-err>
</testsuite>
