<?xml version="1.0" encoding="UTF-8"?>
<testsuite name="QuestionOwnerTest" tests="1" skipped="0" failures="0" errors="0" timestamp="2022-12-13T11:01:43" hostname="LAPTOP-7GSFM02U" time="0.002">
  <properties/>
  <testcase name="test()" classname="QuestionOwnerTest" time="0.002"/>
  <system-out><![CDATA[]]></system-out>
  <system-err><![CDATA[]]></system-err>
</testsuite>
