<?xml version="1.0" encoding="UTF-8"?>
<testsuite name="UtilityTest" tests="3" skipped="0" failures="0" errors="0" timestamp="2022-12-13T11:01:43" hostname="LAPTOP-7GSFM02U" time="0.01">
  <properties/>
  <testcase name="testGet1()" classname="UtilityTest" time="0.004"/>
  <testcase name="testGet2()" classname="UtilityTest" time="0.003"/>
  <testcase name="testRandomness()" classname="UtilityTest" time="0.002"/>
  <system-out><![CDATA[]]></system-out>
  <system-err><![CDATA[]]></system-err>
</testsuite>
