<?xml version="1.0" encoding="UTF-8"?>
<testsuite name="MatchTest" tests="7" skipped="0" failures="0" errors="0" timestamp="2022-12-12T09:30:44" hostname="LAPTOP-7GSFM02U" time="0.084">
  <properties/>
  <testcase name="matchID()" classname="MatchTest" time="0.045"/>
  <testcase name="matchConstructor1()" classname="MatchTest" time="0.002"/>
  <testcase name="matchConstructor2()" classname="MatchTest" time="0.003"/>
  <testcase name="matchConstructor3()" classname="MatchTest" time="0.002"/>
  <testcase name="matchConstructor4()" classname="MatchTest" time="0.001"/>
  <testcase name="testSetters()" classname="MatchTest" time="0.003"/>
  <testcase name="togglePlayers()" classname="MatchTest" time="0.026"/>
  <system-out><![CDATA[Match{players=[], available=false, type='friendly', id=50538355, name='test', host=Player{name='name', questions=[], hasFinished=false, score=Score{questions=[], name='name'}, id=1511659021, ready=false, indexLastQuestion=-1}, size=4, time=0, numberQuestions=10}
]]></system-out>
  <system-err><![CDATA[]]></system-err>
</testsuite>
