<?xml version="1.0" encoding="UTF-8"?>
<testsuite name="MatchCheckerTest" tests="1" skipped="0" failures="0" errors="0" timestamp="2022-12-13T11:01:43" hostname="LAPTOP-7GSFM02U" time="0.036">
  <properties/>
  <testcase name="test1()" classname="MatchCheckerTest" time="0.036"/>
  <system-out><![CDATA[]]></system-out>
  <system-err><![CDATA[]]></system-err>
</testsuite>
