<?xml version="1.0" encoding="UTF-8"?>
<testsuite name="QuestionTest" tests="5" skipped="0" failures="0" errors="0" timestamp="2022-12-12T09:30:44" hostname="LAPTOP-7GSFM02U" time="0.019">
  <properties/>
  <testcase name="checkEquivalence()" classname="QuestionTest" time="0.001"/>
  <testcase name="countQuestions()" classname="QuestionTest" time="0.006"/>
  <testcase name="getAnswers()" classname="QuestionTest" time="0.001"/>
  <testcase name="checkAnswer()" classname="QuestionTest" time="0.005"/>
  <testcase name="checkNull()" classname="QuestionTest" time="0.003"/>
  <system-out><![CDATA[]]></system-out>
  <system-err><![CDATA[]]></system-err>
</testsuite>
