<?xml version="1.0" encoding="UTF-8"?>
<testsuite name="QuestionOwnerTest" tests="1" skipped="0" failures="0" errors="0" timestamp="2022-12-10T22:34:59" hostname="iMacdiFrancesco.homenet.telecomitalia.it" time="0.015">
  <properties/>
  <testcase name="test()" classname="QuestionOwnerTest" time="0.015"/>
  <system-out><![CDATA[]]></system-out>
  <system-err><![CDATA[]]></system-err>
</testsuite>
